Vera    ./fonts/ttf/Vera.ttf
Arial   ./fonts/ttf/arial.ttf
ArialCursiva   ./fonts/ttf/ariali.ttf
ArialNegrita   ./fonts/ttf/arialbd.ttf
VeraBd  ./fonts/ttf/VeraBd.ttf
AlArabiya  ./fonts/ttf/ae_AlArabiya.ttf
Mapinfo  ./fonts/ttf/Mapinfo.TTF
Simbolos ./fonts/ttf/Simbolos.TTF
TimesNewRoman ./fonts/ttf/times.ttf
Italic   ./fonts/ttf/italic__.ttf
TimesNewRomanNegritaCursiva   ./fonts/ttf/timesbi.ttf
#Italic   ./fonts/ttf/italict_.ttf
Symbolos_MM ./fonts/ttf/Symbolos_MM.ttf
webdings ./fonts/ttf/webdings.ttf
TwCenMTCondensed ./fonts/ttf/TCCM____.TTF
GillSansMTCondensed ./fonts/ttf/GILC____.TTF
ARIALN  ./fonts/ttf/arial.ttf
ArialM   ./fonts/ttf/Arial.ttf
ArialNarrow  ./fonts/ttf/ARIALNB.TTF
SymbolosMM ./fonts/ttf/Symbolos_MM.ttf
